<?xml version="1.0" encoding="UTF-8"?>
<!-- Generated by org.testng.reporters.JUnitXMLReporter -->
<testsuite hostname="IGS" name="WebPWASanityScript" tests="12" failures="4" timestamp="16 Jul 2020 15:50:40 GMT" time="4810.48" errors="0">
  <testcase name="PWAWEBLogin" time="77.131" classname="com.zee5.PWASanityScripts.WebPWASanityScript"/>
  <testcase name="PWATimedAnchors" time="864.962" classname="com.zee5.PWASanityScripts.WebPWASanityScript"/>
  <testcase name="PWARegistrationPopUp" time="285.953" classname="com.zee5.PWASanityScripts.WebPWASanityScript">
    <failure type="org.openqa.selenium.TimeoutException" message="Expected condition failed: waiting for presence of element located by: By.xpath: //input[@id=&amp;apos;textField&amp;apos;] (tried for 30 second(s) with 500 milliseconds interval)">
      <![CDATA[org.openqa.selenium.TimeoutException: Expected condition failed: waiting for presence of element located by: By.xpath: //input[@id='textField'] (tried for 30 second(s) with 500 milliseconds interval)
	at org.openqa.selenium.support.ui.WebDriverWait.timeoutException(WebDriverWait.java:95)
	at org.openqa.selenium.support.ui.FluentWait.until(FluentWait.java:272)
	at com.utility.Utilities.findElement(Utilities.java:132)
	at com.business.zee.Zee5PWASanityWEBBusinessLogic.registerPopUpFunctionalityWeb(Zee5PWASanityWEBBusinessLogic.java:5945)
	at com.business.zee.Zee5PWASanityWEBBusinessLogic.registerPopUpScenarios(Zee5PWASanityWEBBusinessLogic.java:5875)
	at com.zee5.PWASanityScripts.WebPWASanityScript.PWARegistrationPopUp(WebPWASanityScript.java:50)
Caused by: org.openqa.selenium.NoSuchElementException: no such element: Unable to locate element: {"method":"xpath","selector":"//input[@id='textField']"}
  (Session info: chrome=83.0.4103.116)
For documentation on this error, please visit: https://www.seleniumhq.org/exceptions/no_such_element.html
Build info: version: '3.141.59', revision: 'e82be7d358', time: '2018-11-14T08:17:03'
System info: host: 'IGS', ip: '192.168.56.1', os.name: 'Windows 8.1', os.arch: 'amd64', os.version: '6.3', java.version: '1.8.0_221'
Driver info: org.openqa.selenium.chrome.ChromeDriver
Capabilities {acceptInsecureCerts: false, browserName: chrome, browserVersion: 83.0.4103.116, chrome: {chromedriverVersion: 83.0.4103.39 (ccbf011cb2d2b..., userDataDir: C:\Users\AMCHEA~1\AppData\L...}, goog:chromeOptions: {debuggerAddress: localhost:53860}, javascriptEnabled: true, networkConnectionEnabled: false, pageLoadStrategy: eager, platform: WINDOWS, platformName: WINDOWS, proxy: Proxy(), setWindowRect: true, strictFileInteractability: false, timeouts: {implicit: 0, pageLoad: 300000, script: 30000}, unhandledPromptBehavior: dismiss and notify, webauthn:virtualAuthenticators: true}
Session ID: c1dd92771914181b1d11aeb9c1a09db3
*** Element info: {Using=xpath, value=//input[@id='textField']}
	at org.openqa.selenium.remote.http.W3CHttpResponseCodec.createException(W3CHttpResponseCodec.java:187)
	at org.openqa.selenium.remote.http.W3CHttpResponseCodec.decode(W3CHttpResponseCodec.java:122)
	at org.openqa.selenium.remote.http.W3CHttpResponseCodec.decode(W3CHttpResponseCodec.java:49)
	at org.openqa.selenium.remote.HttpCommandExecutor.execute(HttpCommandExecutor.java:158)
	at org.openqa.selenium.remote.service.DriverCommandExecutor.execute(DriverCommandExecutor.java:83)
	at org.openqa.selenium.remote.RemoteWebDriver.execute(RemoteWebDriver.java:552)
	at org.openqa.selenium.remote.RemoteWebDriver.findElement(RemoteWebDriver.java:323)
	at org.openqa.selenium.remote.RemoteWebDriver.findElementByXPath(RemoteWebDriver.java:428)
	at org.openqa.selenium.By$ByXPath.findElement(By.java:353)
	at org.openqa.selenium.remote.RemoteWebDriver.findElement(RemoteWebDriver.java:315)
	at org.openqa.selenium.support.ui.ExpectedConditions$6.apply(ExpectedConditions.java:182)
	at org.openqa.selenium.support.ui.ExpectedConditions$6.apply(ExpectedConditions.java:179)
	at org.openqa.selenium.support.ui.FluentWait.until(FluentWait.java:249)
	... 28 more
... Removed 27 stack frames]]>
    </failure>
  </testcase> <!-- PWARegistrationPopUp -->
  <testcase name="PWAProfile" time="0.432" classname="com.zee5.PWASanityScripts.WebPWASanityScript"/>
  <testcase name="PWAMenuOrSetting" time="92.41" classname="com.zee5.PWASanityScripts.WebPWASanityScript"/>
  <testcase name="Onboarding" time="855.393" classname="com.zee5.PWASanityScripts.WebPWASanityScript">
    <failure type="java.lang.AssertionError" message="The following asserts failed:
	ElementSearch button  is not visible expected [true] but found [false],
	ElementSearch result  is not visible expected [true] but found [false],
	ElementProceed button  is not visible expected [true] but found [false],
	Profile icon  is not displayed expected [true] but found [false]">
      <![CDATA[java.lang.AssertionError: The following asserts failed:
	ElementSearch button  is not visible expected [true] but found [false],
	ElementSearch result  is not visible expected [true] but found [false],
	ElementProceed button  is not visible expected [true] but found [false],
	Profile icon  is not displayed expected [true] but found [false]
	at com.utility.Utilities.verifyElementPresent(Utilities.java:204)
	at com.business.zee.Zee5PWASanityWEBBusinessLogic.facebookLogin(Zee5PWASanityWEBBusinessLogic.java:6801)
	at com.business.zee.Zee5PWASanityWEBBusinessLogic.OnboardingScenario(Zee5PWASanityWEBBusinessLogic.java:1126)
	at com.zee5.PWASanityScripts.WebPWASanityScript.Onboarding(WebPWASanityScript.java:79)
... Removed 25 stack frames]]>
    </failure>
  </testcase> <!-- Onboarding -->
  <testcase name="PWAlanguageSettingsValidation" time="110.757" classname="com.zee5.PWASanityScripts.WebPWASanityScript"/>
  <testcase name="Search" time="434.605" classname="com.zee5.PWASanityScripts.WebPWASanityScript">
    <failure type="org.openqa.selenium.StaleElementReferenceException" message="stale element reference: element is not attached to the page document
  (Session info: chrome=83.0.4103.116)
For documentation on this error, please visit: https://www.seleniumhq.org/exceptions/stale_element_reference.html
Build info: version: &amp;apos;3.141.59&amp;apos;, revision: &amp;apos;e82be7d358&amp;apos;, time: &amp;apos;2018-11-14T08:17:03&amp;apos;
System info: host: &amp;apos;IGS&amp;apos;, ip: &amp;apos;192.168.56.1&amp;apos;, os.name: &amp;apos;Windows 8.1&amp;apos;, os.arch: &amp;apos;amd64&amp;apos;, os.version: &amp;apos;6.3&amp;apos;, java.version: &amp;apos;1.8.0_221&amp;apos;
Driver info: org.openqa.selenium.chrome.ChromeDriver
Capabilities {acceptInsecureCerts: false, browserName: chrome, browserVersion: 83.0.4103.116, chrome: {chromedriverVersion: 83.0.4103.39 (ccbf011cb2d2b..., userDataDir: C:\Users\AMCHEA~1\AppData\L...}, goog:chromeOptions: {debuggerAddress: localhost:53860}, javascriptEnabled: true, networkConnectionEnabled: false, pageLoadStrategy: eager, platform: WINDOWS, platformName: WINDOWS, proxy: Proxy(), setWindowRect: true, strictFileInteractability: false, timeouts: {implicit: 0, pageLoad: 300000, script: 30000}, unhandledPromptBehavior: dismiss and notify, webauthn:virtualAuthenticators: true}
Session ID: c1dd92771914181b1d11aeb9c1a09db3">
      <![CDATA[org.openqa.selenium.StaleElementReferenceException: stale element reference: element is not attached to the page document
  (Session info: chrome=83.0.4103.116)
For documentation on this error, please visit: https://www.seleniumhq.org/exceptions/stale_element_reference.html
Build info: version: '3.141.59', revision: 'e82be7d358', time: '2018-11-14T08:17:03'
System info: host: 'IGS', ip: '192.168.56.1', os.name: 'Windows 8.1', os.arch: 'amd64', os.version: '6.3', java.version: '1.8.0_221'
Driver info: org.openqa.selenium.chrome.ChromeDriver
Capabilities {acceptInsecureCerts: false, browserName: chrome, browserVersion: 83.0.4103.116, chrome: {chromedriverVersion: 83.0.4103.39 (ccbf011cb2d2b..., userDataDir: C:\Users\AMCHEA~1\AppData\L...}, goog:chromeOptions: {debuggerAddress: localhost:53860}, javascriptEnabled: true, networkConnectionEnabled: false, pageLoadStrategy: eager, platform: WINDOWS, platformName: WINDOWS, proxy: Proxy(), setWindowRect: true, strictFileInteractability: false, timeouts: {implicit: 0, pageLoad: 300000, script: 30000}, unhandledPromptBehavior: dismiss and notify, webauthn:virtualAuthenticators: true}
Session ID: c1dd92771914181b1d11aeb9c1a09db3
	at org.openqa.selenium.remote.http.W3CHttpResponseCodec.createException(W3CHttpResponseCodec.java:187)
	at org.openqa.selenium.remote.http.W3CHttpResponseCodec.decode(W3CHttpResponseCodec.java:122)
	at org.openqa.selenium.remote.http.W3CHttpResponseCodec.decode(W3CHttpResponseCodec.java:49)
	at org.openqa.selenium.remote.HttpCommandExecutor.execute(HttpCommandExecutor.java:158)
	at org.openqa.selenium.remote.service.DriverCommandExecutor.execute(DriverCommandExecutor.java:83)
	at org.openqa.selenium.remote.RemoteWebDriver.execute(RemoteWebDriver.java:552)
	at org.openqa.selenium.remote.RemoteWebElement.execute(RemoteWebElement.java:285)
	at org.openqa.selenium.remote.RemoteWebElement.getText(RemoteWebElement.java:166)
	at com.business.zee.Zee5PWASanityWEBBusinessLogic.LanguageSearch(Zee5PWASanityWEBBusinessLogic.java:9821)
	at com.business.zee.Zee5PWASanityWEBBusinessLogic.SearchResultsScreen(Zee5PWASanityWEBBusinessLogic.java:9458)
	at com.zee5.PWASanityScripts.WebPWASanityScript.Search(WebPWASanityScript.java:174)
... Removed 28 stack frames]]>
    </failure>
  </testcase> <!-- Search -->
  <testcase name="Zee5Originals" time="663.546" classname="com.zee5.PWASanityScripts.WebPWASanityScript">
    <failure type="org.openqa.selenium.JavascriptException" message="javascript error: Failed to execute &amp;apos;elementsFromPoint&amp;apos; on &amp;apos;Document&amp;apos;: The provided double value is non-finite.
  (Session info: chrome=83.0.4103.116)
Build info: version: &amp;apos;3.141.59&amp;apos;, revision: &amp;apos;e82be7d358&amp;apos;, time: &amp;apos;2018-11-14T08:17:03&amp;apos;
System info: host: &amp;apos;IGS&amp;apos;, ip: &amp;apos;192.168.56.1&amp;apos;, os.name: &amp;apos;Windows 8.1&amp;apos;, os.arch: &amp;apos;amd64&amp;apos;, os.version: &amp;apos;6.3&amp;apos;, java.version: &amp;apos;1.8.0_221&amp;apos;
Driver info: org.openqa.selenium.chrome.ChromeDriver
Capabilities {acceptInsecureCerts: false, browserName: chrome, browserVersion: 83.0.4103.116, chrome: {chromedriverVersion: 83.0.4103.39 (ccbf011cb2d2b..., userDataDir: C:\Users\AMCHEA~1\AppData\L...}, goog:chromeOptions: {debuggerAddress: localhost:53860}, javascriptEnabled: true, networkConnectionEnabled: false, pageLoadStrategy: eager, platform: WINDOWS, platformName: WINDOWS, proxy: Proxy(), setWindowRect: true, strictFileInteractability: false, timeouts: {implicit: 0, pageLoad: 300000, script: 30000}, unhandledPromptBehavior: dismiss and notify, webauthn:virtualAuthenticators: true}
Session ID: c1dd92771914181b1d11aeb9c1a09db3">
      <![CDATA[org.openqa.selenium.JavascriptException: javascript error: Failed to execute 'elementsFromPoint' on 'Document': The provided double value is non-finite.
  (Session info: chrome=83.0.4103.116)
Build info: version: '3.141.59', revision: 'e82be7d358', time: '2018-11-14T08:17:03'
System info: host: 'IGS', ip: '192.168.56.1', os.name: 'Windows 8.1', os.arch: 'amd64', os.version: '6.3', java.version: '1.8.0_221'
Driver info: org.openqa.selenium.chrome.ChromeDriver
Capabilities {acceptInsecureCerts: false, browserName: chrome, browserVersion: 83.0.4103.116, chrome: {chromedriverVersion: 83.0.4103.39 (ccbf011cb2d2b..., userDataDir: C:\Users\AMCHEA~1\AppData\L...}, goog:chromeOptions: {debuggerAddress: localhost:53860}, javascriptEnabled: true, networkConnectionEnabled: false, pageLoadStrategy: eager, platform: WINDOWS, platformName: WINDOWS, proxy: Proxy(), setWindowRect: true, strictFileInteractability: false, timeouts: {implicit: 0, pageLoad: 300000, script: 30000}, unhandledPromptBehavior: dismiss and notify, webauthn:virtualAuthenticators: true}
Session ID: c1dd92771914181b1d11aeb9c1a09db3
	at org.openqa.selenium.remote.http.W3CHttpResponseCodec.createException(W3CHttpResponseCodec.java:187)
	at org.openqa.selenium.remote.http.W3CHttpResponseCodec.decode(W3CHttpResponseCodec.java:122)
	at org.openqa.selenium.remote.http.W3CHttpResponseCodec.decode(W3CHttpResponseCodec.java:49)
	at org.openqa.selenium.remote.HttpCommandExecutor.execute(HttpCommandExecutor.java:158)
	at org.openqa.selenium.remote.service.DriverCommandExecutor.execute(DriverCommandExecutor.java:83)
	at org.openqa.selenium.remote.RemoteWebDriver.execute(RemoteWebDriver.java:552)
	at org.openqa.selenium.remote.RemoteWebDriver.perform(RemoteWebDriver.java:618)
	at org.openqa.selenium.interactions.Actions$BuiltAction.perform(Actions.java:639)
	at com.business.zee.Zee5PWASanityWEBBusinessLogic.Subscriptionpopup(Zee5PWASanityWEBBusinessLogic.java:10423)
	at com.business.zee.Zee5PWASanityWEBBusinessLogic.Zee5OriginalsScreen(Zee5PWASanityWEBBusinessLogic.java:9969)
	at com.zee5.PWASanityScripts.WebPWASanityScript.Zee5Originals(WebPWASanityScript.java:192)
... Removed 28 stack frames]]>
    </failure>
  </testcase> <!-- Zee5Originals -->
  <testcase name="ExternalLinks" time="603.305" classname="com.zee5.PWASanityScripts.WebPWASanityScript"/>
  <testcase name="staticPagesInMenuAndFooterSectionValidation" time="407.499" classname="com.zee5.PWASanityScripts.WebPWASanityScript"/>
  <testcase name="newsPageValidation" time="400.789" classname="com.zee5.PWASanityScripts.WebPWASanityScript"/>
</testsuite> <!-- WebPWASanityScript -->
