<?xml version="1.0" encoding="UTF-8"?>
<!-- Generated by org.testng.reporters.JUnitReportReporter -->
<testsuite hostname="LAPTOP-NRJMSC7T" name="com.zee5.PWASanityScripts.AndroidPWASanityScript" tests="2" failures="1" timestamp="5 Jun 2020 12:12:35 GMT" time="212.601" errors="0">
  <testcase name="PWAMovies" time="177.393" classname="com.zee5.PWASanityScripts.AndroidPWASanityScript">
    <failure type="java.lang.AssertionError" message="The following asserts failed:
	ElementClose Button  is not visible expected [true] but found [false]">
      <![CDATA[java.lang.AssertionError: The following asserts failed:
	ElementClose Button  is not visible expected [true] but found [false]
	at org.testng.asserts.SoftAssert.assertAll(SoftAssert.java:43)
	at com.utility.Utilities.verifyElementPresentAndClick(Utilities.java:235)
	at com.business.zee.Zee5PWASanityAndroidBusinessLogic.watchTrailerButtonFunctionality(Zee5PWASanityAndroidBusinessLogic.java:9145)
	at com.business.zee.Zee5PWASanityAndroidBusinessLogic.landingPagesTrailerAndPopUpValidation(Zee5PWASanityAndroidBusinessLogic.java:9111)
	at com.business.zee.Zee5PWASanityAndroidBusinessLogic.Moviepage(Zee5PWASanityAndroidBusinessLogic.java:7958)
	at com.zee5.PWASanityScripts.AndroidPWASanityScript.PWAMovies(AndroidPWASanityScript.java:58)
	at sun.reflect.NativeMethodAccessorImpl.invoke0(Native Method)
	at sun.reflect.NativeMethodAccessorImpl.invoke(NativeMethodAccessorImpl.java:62)
	at sun.reflect.DelegatingMethodAccessorImpl.invoke(DelegatingMethodAccessorImpl.java:43)
	at java.lang.reflect.Method.invoke(Method.java:498)
	at org.testng.internal.MethodInvocationHelper.invokeMethod(MethodInvocationHelper.java:86)
	at org.testng.internal.Invoker.invokeMethod(Invoker.java:643)
	at org.testng.internal.Invoker.invokeTestMethod(Invoker.java:820)
	at org.testng.internal.Invoker.invokeTestMethods(Invoker.java:1128)
	at org.testng.internal.TestMethodWorker.invokeTestMethods(TestMethodWorker.java:129)
	at org.testng.internal.TestMethodWorker.run(TestMethodWorker.java:112)
	at org.testng.TestRunner.privateRun(TestRunner.java:782)
	at org.testng.TestRunner.run(TestRunner.java:632)
	at org.testng.SuiteRunner.runTest(SuiteRunner.java:366)
	at org.testng.SuiteRunner.runSequentially(SuiteRunner.java:361)
	at org.testng.SuiteRunner.privateRun(SuiteRunner.java:319)
	at org.testng.SuiteRunner.run(SuiteRunner.java:268)
	at org.testng.SuiteRunnerWorker.runSuite(SuiteRunnerWorker.java:52)
	at org.testng.SuiteRunnerWorker.run(SuiteRunnerWorker.java:86)
	at org.testng.TestNG.runSuitesSequentially(TestNG.java:1244)
	at org.testng.TestNG.runSuitesLocally(TestNG.java:1169)
	at org.testng.TestNG.run(TestNG.java:1064)
	at org.testng.remote.AbstractRemoteTestNG.run(AbstractRemoteTestNG.java:115)
	at org.testng.remote.RemoteTestNG.initAndRun(RemoteTestNG.java:251)
	at org.testng.remote.RemoteTestNG.main(RemoteTestNG.java:77)
]]>
    </failure>
  </testcase> <!-- PWAMovies -->
  <testcase name="Login" time="35.208" classname="com.zee5.PWASanityScripts.AndroidPWASanityScript"/>
</testsuite> <!-- com.zee5.PWASanityScripts.AndroidPWASanityScript -->
